[  0%] Built target std_msgs_generate_messages_eus
[  0%] Built target _ped_generate_messages_check_deps_set_user
[  0%] Built target _ped_generate_messages_check_deps_User
[  0%] Built target std_msgs_generate_messages_py
[  0%] Built target std_msgs_generate_messages_lisp
[  0%] Built target std_msgs_generate_messages_nodejs
[  0%] Built target std_msgs_generate_messages_cpp
[ 17%] Built target ped_generate_messages_eus
[ 41%] Built target ped_generate_messages_py
[ 52%] Built target ped_generate_messages_lisp
[ 64%] Built target ped_generate_messages_nodejs
[ 76%] Built target ped_generate_messages_cpp
[35m[1mScanning dependencies of target ped_client[0m
[ 76%] Built target ped_generate_messages
[ 88%] Built target ped_server
[ 94%] [32mBuilding CXX object CMakeFiles/ped_client.dir/src/ped_client.cpp.o[0m
[01m[K/home/me/progetto_labiagi/src/ped/src/ped_client.cpp:[m[K In function â€˜[01m[Kvoid robot_status(const ConstPtr&)[m[Kâ€™:
[01m[K/home/me/progetto_labiagi/src/ped/src/ped_client.cpp:33:25:[m[K [01;31m[Kerror: [m[Kâ€˜[01m[Kconst struct srrg2_core_ros::PlannerStatusMessage_<std::allocator<void> >[m[Kâ€™ has no member named â€˜[01m[Kdistance_to_goal[m[Kâ€™; did you mean â€˜[01m[Kdistance_to_local_goal[m[Kâ€™?
   dist_att=dist-status->[01;31m[Kdistance_to_goal[m[K;
                         [01;31m[K^~~~~~~~~~~~~~~~[m[K
                         [32m[Kdistance_to_local_goal[m[K
CMakeFiles/ped_client.dir/build.make:62: recipe for target 'CMakeFiles/ped_client.dir/src/ped_client.cpp.o' failed
make[2]: *** [CMakeFiles/ped_client.dir/src/ped_client.cpp.o] Error 1
CMakeFiles/Makefile2:71: recipe for target 'CMakeFiles/ped_client.dir/all' failed
make[1]: *** [CMakeFiles/ped_client.dir/all] Error 2
Makefile:140: recipe for target 'all' failed
make: *** [all] Error 2
