[  0%] Built target std_msgs_generate_messages_py
[  0%] Built target std_msgs_generate_messages_eus
[  0%] Built target std_msgs_generate_messages_lisp
[  0%] Built target _ped_generate_messages_check_deps_User
[  0%] Built target std_msgs_generate_messages_nodejs
[  0%] Built target std_msgs_generate_messages_cpp
[ 16%] Built target ped_generate_messages_eus
[ 41%] Built target ped_generate_messages_py
[ 50%] Built target ped_generate_messages_lisp
[ 58%] Built target ped_generate_messages_nodejs
[ 66%] Built target ped_generate_messages_cpp
[35m[1mScanning dependencies of target ped_client[0m
[35m[1mScanning dependencies of target ped_server[0m
[ 66%] Built target ped_generate_messages
[ 75%] [32mBuilding CXX object CMakeFiles/ped_client.dir/src/ped_client.cpp.o[0m
[ 83%] [32mBuilding CXX object CMakeFiles/ped_server.dir/src/ped_server.cpp.o[0m
[01m[K/home/me/progetto_labiagi/src/ped/src/ped_client.cpp:[m[K In function â€˜[01m[Kint main(int, char**)[m[Kâ€™:
[01m[K/home/me/progetto_labiagi/src/ped/src/ped_client.cpp:72:2:[m[K [01;31m[Kerror: [m[Kâ€˜[01m[Kmgs_prova[m[Kâ€™ was not declared in this scope
  [01;31m[Kmgs_prova[m[K.pose.position.x=30;
  [01;31m[K^~~~~~~~~[m[K
[01m[K/home/me/progetto_labiagi/src/ped/src/ped_client.cpp:72:2:[m[K [01;36m[Knote: [m[Ksuggested alternative: â€˜[01m[Kmsg_prova[m[Kâ€™
  [01;36m[Kmgs_prova[m[K.pose.position.x=30;
  [01;36m[K^~~~~~~~~[m[K
  [32m[Kmsg_prova[m[K
CMakeFiles/ped_client.dir/build.make:62: recipe for target 'CMakeFiles/ped_client.dir/src/ped_client.cpp.o' failed
make[2]: *** [CMakeFiles/ped_client.dir/src/ped_client.cpp.o] Error 1
CMakeFiles/Makefile2:71: recipe for target 'CMakeFiles/ped_client.dir/all' failed
make[1]: *** [CMakeFiles/ped_client.dir/all] Error 2
make[1]: *** Waiting for unfinished jobs....
[ 91%] [32m[1mLinking CXX executable /home/me/progetto_labiagi/devel/.private/ped/lib/ped/ped_server[0m
[ 91%] Built target ped_server
Makefile:140: recipe for target 'all' failed
make: *** [all] Error 2
