[01m[K/home/me/progetto_labiagi/src/ped/src/ped_client.cpp:[m[K In function â€˜[01m[Kint main(int, char**)[m[Kâ€™:
[01m[K/home/me/progetto_labiagi/src/ped/src/ped_client.cpp:17:23:[m[K [01;31m[Kerror: [m[Kfound â€˜[01m[K:[m[Kâ€™ in nested-name-specifier, expected â€˜[01m[K::[m[Kâ€™
  goal.header.stamp=ros[01;31m[K:[m[KTime();
                       [01;31m[K^[m[K
make[2]: *** [CMakeFiles/ped_client.dir/src/ped_client.cpp.o] Error 1
make[1]: *** [CMakeFiles/ped_client.dir/all] Error 2
make: *** [all] Error 2
