[01m[K/home/me/progetto_labiagi/src/ped/src/ped_test.cpp:[m[K In function â€˜[01m[Kint main(int, char**)[m[Kâ€™:
[01m[K/home/me/progetto_labiagi/src/ped/src/ped_test.cpp:91:68:[m[K [01;31m[Kerror: [m[Kâ€˜[01m[Krobot_status[m[Kâ€™ was not declared in this scope
  ros::Subscriber pub_status = n.subscribe("/planner_status", 1000, [01;31m[Krobot_status[m[K);
                                                                    [01;31m[K^~~~~~~~~~~~[m[K
[01m[K/home/me/progetto_labiagi/src/ped/src/ped_test.cpp:91:68:[m[K [01;36m[Knote: [m[Ksuggested alternative: â€˜[01m[Kpub_status[m[Kâ€™
  ros::Subscriber pub_status = n.subscribe("/planner_status", 1000, [01;36m[Krobot_status[m[K);
                                                                    [01;36m[K^~~~~~~~~~~~[m[K
                                                                    [32m[Kpub_status[m[K
make[2]: *** [CMakeFiles/ped_test.dir/src/ped_test.cpp.o] Error 1
make[1]: *** [CMakeFiles/ped_test.dir/all] Error 2
make: *** [all] Error 2
