[01m[K/home/me/progetto_labiagi/src/ped/src/ped_client.cpp:[m[K In function â€˜[01m[Kint main(int, char**)[m[Kâ€™:
[01m[K/home/me/progetto_labiagi/src/ped/src/ped_client.cpp:16:68:[m[K [01;31m[Kerror: [m[Kâ€˜[01m[Kreset_sessione[m[Kâ€™ was not declared in this scope
  ros::Subscriber sub = n.subscribe("/move_base_simple/goal", 1000, [01;31m[Kreset_sessione[m[K);
                                                                    [01;31m[K^~~~~~~~~~~~~~[m[K
[01m[K/home/me/progetto_labiagi/src/ped/src/ped_client.cpp:17:2:[m[K [01;31m[Kerror: [m[Kâ€˜[01m[Kpub_out[m[Kâ€™ was not declared in this scope
  [01;31m[Kpub_out[m[K = n.advertise<std_msgs::String>("/stato_robot", 1000);
  [01;31m[K^~~~~~~[m[K
[01m[K/home/me/progetto_labiagi/src/ped/src/ped_client.cpp:20:68:[m[K [01;31m[Kerror: [m[Kâ€˜[01m[Kstato_robot[m[Kâ€™ was not declared in this scope
  ros::Subscriber pub_status = n.subscribe("/planner_status", 1000, [01;31m[Kstato_robot[m[K);
                                                                    [01;31m[K^~~~~~~~~~~[m[K
[01m[K/home/me/progetto_labiagi/src/ped/src/ped_client.cpp:23:57:[m[K [01;31m[Kerror: [m[Kâ€˜[01m[KCB[m[Kâ€™ was not declared in this scope
  ros::Subscriber listener = n.subscribe("/ped_stc",1000,[01;31m[KCB[m[K);
                                                         [01;31m[K^~[m[K
[01m[K/home/me/progetto_labiagi/src/ped/src/ped_server.cpp:[m[K In function â€˜[01m[Kint main(int, char**)[m[Kâ€™:
[01m[K/home/me/progetto_labiagi/src/ped/src/ped_server.cpp:24:62:[m[K [01;31m[Kerror: [m[Kâ€˜[01m[Knulla[m[Kâ€™ was not declared in this scope
  ros::Subscriber sub_out = n.subscribe("/stato_robot", 1000, [01;31m[Knulla[m[K);
                                                              [01;31m[K^~~~~[m[K
make[2]: *** [CMakeFiles/ped_client.dir/src/ped_client.cpp.o] Error 1
make[1]: *** [CMakeFiles/ped_client.dir/all] Error 2
make[1]: *** Waiting for unfinished jobs....
make[2]: *** [CMakeFiles/ped_server.dir/src/ped_server.cpp.o] Error 1
make[1]: *** [CMakeFiles/ped_server.dir/all] Error 2
make: *** [all] Error 2
