[01m[K/home/me/progetto_labiagi/src/ped/src/ped_server.cpp:23:3:[m[K [01;31m[Kerror: [m[Kâ€˜[01m[Kgoal[m[Kâ€™ does not name a type
   [01;31m[Kgoal[m[K.header.frame_id="map";
   [01;31m[K^~~~[m[K
[01m[K/home/me/progetto_labiagi/src/ped/src/ped_server.cpp:24:3:[m[K [01;31m[Kerror: [m[Kâ€˜[01m[Kgoal[m[Kâ€™ does not name a type
   [01;31m[Kgoal[m[K.header.stamp = ros::Time::now();
   [01;31m[K^~~~[m[K
[01m[K/home/me/progetto_labiagi/src/ped/src/ped_server.cpp:25:3:[m[K [01;31m[Kerror: [m[Kâ€˜[01m[Kgoal[m[Kâ€™ does not name a type
   [01;31m[Kgoal[m[K.pose.position.x=pos_x;
   [01;31m[K^~~~[m[K
[01m[K/home/me/progetto_labiagi/src/ped/src/ped_server.cpp:26:3:[m[K [01;31m[Kerror: [m[Kâ€˜[01m[Kgoal[m[Kâ€™ does not name a type
   [01;31m[Kgoal[m[K.pose.position.y=pos_y;
   [01;31m[K^~~~[m[K
[01m[K/home/me/progetto_labiagi/src/ped/src/ped_server.cpp:27:3:[m[K [01;31m[Kerror: [m[Kâ€˜[01m[Kpub_goal[m[Kâ€™ does not name a type
   [01;31m[Kpub_goal[m[K.publish(goal);
   [01;31m[K^~~~~~~~[m[K
[01m[K/home/me/progetto_labiagi/src/ped/src/ped_server.cpp:[m[K In function â€˜[01m[Kvoid CB(const ConstPtr&)[m[Kâ€™:
[01m[K/home/me/progetto_labiagi/src/ped/src/ped_server.cpp:31:2:[m[K [01;31m[Kerror: [m[Kâ€˜[01m[Kss[m[Kâ€™ was not declared in this scope
  [01;31m[Kss[m[K << msg->data;
  [01;31m[K^~[m[K
[01m[K/home/me/progetto_labiagi/src/ped/src/ped_server.cpp:31:2:[m[K [01;36m[Knote: [m[Ksuggested alternative: â€˜[01m[Ks[m[Kâ€™
  [01;36m[Kss[m[K << msg->data;
  [01;36m[K^~[m[K
  [32m[Ks[m[K
[01m[K/home/me/progetto_labiagi/src/ped/src/ped_server.cpp:[m[K In function â€˜[01m[Kvoid stato_robot(const ConstPtr&)[m[Kâ€™:
[01m[K/home/me/progetto_labiagi/src/ped/src/ped_server.cpp:45:5:[m[K [01;31m[Kerror: [m[Kâ€˜[01m[Kmovimento[m[Kâ€™ was not declared in this scope
  if([01;31m[Kmovimento[m[K && status->distance_to_global_goal<0.5){
     [01;31m[K^~~~~~~~~[m[K
[01m[K/home/me/progetto_labiagi/src/ped/src/ped_server.cpp:[m[K In function â€˜[01m[Kint main(int, char**)[m[Kâ€™:
[01m[K/home/me/progetto_labiagi/src/ped/src/ped_server.cpp:91:2:[m[K [01;31m[Kerror: [m[Kexpected â€˜[01m[K;[m[Kâ€™ before â€˜[01m[K}[m[Kâ€™ token
  [01;31m[K}[m[K
  [01;31m[K^[m[K
make[2]: *** [CMakeFiles/ped_server.dir/src/ped_server.cpp.o] Error 1
make[1]: *** [CMakeFiles/ped_server.dir/all] Error 2
make: *** [all] Error 2
