[01m[K/home/me/progetto_labiagi/src/ped/src/ped_client.cpp:[m[K In function â€˜[01m[Kint main(int, char**)[m[Kâ€™:
[01m[K/home/me/progetto_labiagi/src/ped/src/ped_client.cpp:64:5:[m[K [01;31m[Kerror: [m[Kbase operand of â€˜[01m[K->[m[Kâ€™ has non-pointer type â€˜[01m[Kstd_msgs::String {aka std_msgs::String_<std::allocator<void> >}[m[Kâ€™
  msg[01;31m[K->[m[Kdata="psw";
     [01;31m[K^~[m[K
[01m[K/home/me/progetto_labiagi/src/ped/src/ped_client.cpp:93:21:[m[K [01;31m[Kerror: [m[Kâ€˜[01m[Kwrong_psw[m[Kâ€™ was not declared in this scope
   if(password!=psw) [01;31m[Kwrong_psw[m[K=false;
                     [01;31m[K^~~~~~~~~[m[K
[01m[K/home/me/progetto_labiagi/src/ped/src/ped_client.cpp:93:21:[m[K [01;36m[Knote: [m[Ksuggested alternative: â€˜[01m[Kwait_psw[m[Kâ€™
   if(password!=psw) [01;36m[Kwrong_psw[m[K=false;
                     [01;36m[K^~~~~~~~~[m[K
                     [32m[Kwait_psw[m[K
[01m[K/home/me/progetto_labiagi/src/ped/src/ped_client.cpp:94:8:[m[K [01;31m[Kerror: [m[Kâ€˜[01m[Kwrong_psw[m[Kâ€™ was not declared in this scope
   else [01;31m[Kwrong_psw[m[K=true;
        [01;31m[K^~~~~~~~~[m[K
[01m[K/home/me/progetto_labiagi/src/ped/src/ped_client.cpp:94:8:[m[K [01;36m[Knote: [m[Ksuggested alternative: â€˜[01m[Kwait_psw[m[Kâ€™
   else [01;36m[Kwrong_psw[m[K=true;
        [01;36m[K^~~~~~~~~[m[K
        [32m[Kwait_psw[m[K
[01m[K/home/me/progetto_labiagi/src/ped/src/ped_client.cpp:95:6:[m[K [01;31m[Kerror: [m[Kâ€˜[01m[Kwrong_psw[m[Kâ€™ was not declared in this scope
   if([01;31m[Kwrong_psw[m[K){
      [01;31m[K^~~~~~~~~[m[K
[01m[K/home/me/progetto_labiagi/src/ped/src/ped_client.cpp:95:6:[m[K [01;36m[Knote: [m[Ksuggested alternative: â€˜[01m[Kwait_psw[m[Kâ€™
   if([01;36m[Kwrong_psw[m[K){
      [01;36m[K^~~~~~~~~[m[K
      [32m[Kwait_psw[m[K
make[2]: *** [CMakeFiles/ped_client.dir/src/ped_client.cpp.o] Error 1
make[1]: *** [CMakeFiles/ped_client.dir/all] Error 2
make: *** [all] Error 2
