[01m[K/home/me/progetto_labiagi/src/ped/src/ped_client.cpp:5:10:[m[K [01;31m[Kerror: [m[K#include expects "FILENAME" or <FILENAME>
 #include
          [01;31m[K^[m[K
[01m[K/home/me/progetto_labiagi/src/ped/src/ped_client.cpp:[m[K In function â€˜[01m[Kint main(int, char**)[m[Kâ€™:
[01m[K/home/me/progetto_labiagi/src/ped/src/ped_client.cpp:34:41:[m[K [01;31m[Kerror: [m[Kâ€˜[01m[Kuser[m[Kâ€™ is not a member of â€˜[01m[Kped[m[Kâ€™
  ros::Publisher talk = n.advertise<ped::[01;31m[Kuser[m[K>("/ped_cts",1000);
                                         [01;31m[K^~~~[m[K
[01m[K/home/me/progetto_labiagi/src/ped/src/ped_client.cpp:34:41:[m[K [01;36m[Knote: [m[Ksuggested alternative: â€˜[01m[KUser[m[Kâ€™
  ros::Publisher talk = n.advertise<ped::[01;36m[Kuser[m[K>("/ped_cts",1000);
                                         [01;36m[K^~~~[m[K
                                         [32m[KUser[m[K
[01m[K/home/me/progetto_labiagi/src/ped/src/ped_client.cpp:34:41:[m[K [01;31m[Kerror: [m[Kâ€˜[01m[Kuser[m[Kâ€™ is not a member of â€˜[01m[Kped[m[Kâ€™
[01m[K/home/me/progetto_labiagi/src/ped/src/ped_client.cpp:34:41:[m[K [01;36m[Knote: [m[Ksuggested alternative: â€˜[01m[KUser[m[Kâ€™
  ros::Publisher talk = n.advertise<ped::[01;36m[Kuser[m[K>("/ped_cts",1000);
                                         [01;36m[K^~~~[m[K
                                         [32m[KUser[m[K
[01m[K/home/me/progetto_labiagi/src/ped/src/ped_client.cpp:34:62:[m[K [01;31m[Kerror: [m[Kno matching function for call to â€˜[01m[Kros::NodeHandle::advertise<<expression error> >(const char [9], int)[m[Kâ€™
  ros::Publisher talk = n.advertise<ped::user>("/ped_cts",1000[01;31m[K)[m[K;
                                                              [01;31m[K^[m[K
In file included from [01m[K/opt/ros/melodic/include/ros/ros.h:45:0[m[K,
                 from [01m[K/home/me/progetto_labiagi/src/ped/src/utils.h:2[m[K,
                 from [01m[K/home/me/progetto_labiagi/src/ped/src/ped_client.cpp:2[m[K:
[01m[K/opt/ros/melodic/include/ros/node_handle.h:249:15:[m[K [01;36m[Knote: [m[Kcandidate: template<class M> ros::Publisher ros::NodeHandle::advertise(const string&, uint32_t, bool)
     Publisher [01;36m[Kadvertise[m[K(const std::string& topic, uint32_t queue_size, bool latch = false)
               [01;36m[K^~~~~~~~~[m[K
[01m[K/opt/ros/melodic/include/ros/node_handle.h:249:15:[m[K [01;36m[Knote: [m[K  template argument deduction/substitution failed:
[01m[K/home/me/progetto_labiagi/src/ped/src/ped_client.cpp:34:62:[m[K [01;31m[Kerror: [m[Ktemplate argument 1 is invalid
  ros::Publisher talk = n.advertise<ped::user>("/ped_cts",1000[01;31m[K)[m[K;
                                                              [01;31m[K^[m[K
In file included from [01m[K/opt/ros/melodic/include/ros/ros.h:45:0[m[K,
                 from [01m[K/home/me/progetto_labiagi/src/ped/src/utils.h:2[m[K,
                 from [01m[K/home/me/progetto_labiagi/src/ped/src/ped_client.cpp:2[m[K:
[01m[K/opt/ros/melodic/include/ros/node_handle.h:315:13:[m[K [01;36m[Knote: [m[Kcandidate: template<class M> ros::Publisher ros::NodeHandle::advertise(const string&, uint32_t, const SubscriberStatusCallback&, const SubscriberStatusCallback&, const VoidConstPtr&, bool)
   Publisher [01;36m[Kadvertise[m[K(const std::string& topic, uint32_t queue_size,
             [01;36m[K^~~~~~~~~[m[K
[01m[K/opt/ros/melodic/include/ros/node_handle.h:315:13:[m[K [01;36m[Knote: [m[K  template argument deduction/substitution failed:
[01m[K/home/me/progetto_labiagi/src/ped/src/ped_client.cpp:34:62:[m[K [01;31m[Kerror: [m[Ktemplate argument 1 is invalid
  ros::Publisher talk = n.advertise<ped::user>("/ped_cts",1000[01;31m[K)[m[K;
                                                              [01;31m[K^[m[K
make[2]: *** [CMakeFiles/ped_client.dir/src/ped_client.cpp.o] Error 1
make[1]: *** [CMakeFiles/ped_client.dir/all] Error 2
make: *** [all] Error 2
