In file included from [01m[K/home/me/progetto_labiagi/src/ped/src/ped_server.cpp:35:0[m[K:
[01m[K/home/me/progetto_labiagi/src/ped/src/utils.h:22:9:[m[K [01;31m[Kerror: [m[Kâ€˜[01m[Kstring[m[Kâ€™ does not name a type; did you mean â€˜[01m[Kstdin[m[Kâ€™?
         [01;31m[Kstring[m[K name;
         [01;31m[K^~~~~~[m[K
         [32m[Kstdin[m[K
[01m[K/home/me/progetto_labiagi/src/ped/src/utils.h:25:23:[m[K [01;31m[Kerror: [m[Kexpected â€˜[01m[K)[m[Kâ€™ before â€˜[01m[Ks[m[Kâ€™
         utente(string [01;31m[Ks[m[K,float a, float b){name=s;x=a;y=b;};
                       [01;31m[K^[m[K
[01m[K/home/me/progetto_labiagi/src/ped/src/utils.h:[m[K In member function â€˜[01m[Kvoid utente::print()[m[Kâ€™:
[01m[K/home/me/progetto_labiagi/src/ped/src/utils.h:27:13:[m[K [01;31m[Kerror: [m[Kâ€˜[01m[Kcout[m[Kâ€™ was not declared in this scope
             [01;31m[Kcout[m[K << purple;
             [01;31m[K^~~~[m[K
[01m[K/home/me/progetto_labiagi/src/ped/src/utils.h:27:13:[m[K [01;36m[Knote: [m[Ksuggested alternative:
In file included from [01m[K/opt/ros/melodic/include/ros/time.h:54:0[m[K,
                 from [01m[K/opt/ros/melodic/include/ros/ros.h:38[m[K,
                 from [01m[K/home/me/progetto_labiagi/src/ped/src/utils.h:2[m[K,
                 from [01m[K/home/me/progetto_labiagi/src/ped/src/ped_server.cpp:35[m[K:
[01m[K/usr/include/c++/7/iostream:61:18:[m[K [01;36m[Knote: [m[K  â€˜[01m[Kstd::cout[m[Kâ€™
   extern ostream [01;36m[Kcout[m[K;  /// Linked to standard output
                  [01;36m[K^~~~[m[K
In file included from [01m[K/home/me/progetto_labiagi/src/ped/src/ped_server.cpp:35:0[m[K:
[01m[K/home/me/progetto_labiagi/src/ped/src/utils.h:28:33:[m[K [01;31m[Kerror: [m[Kâ€˜[01m[Kname[m[Kâ€™ was not declared in this scope
             cout << "name: " << [01;31m[Kname[m[K << endl << "    x: " << x << endl << "    y: " << y << endl << endl;
                                 [01;31m[K^~~~[m[K
[01m[K/home/me/progetto_labiagi/src/ped/src/utils.h:28:33:[m[K [01;36m[Knote: [m[Ksuggested alternative: â€˜[01m[Knanq[m[Kâ€™
             cout << "name: " << [01;36m[Kname[m[K << endl << "    x: " << x << endl << "    y: " << y << endl << endl;
                                 [01;36m[K^~~~[m[K
                                 [32m[Knanq[m[K
[01m[K/home/me/progetto_labiagi/src/ped/src/utils.h:28:41:[m[K [01;31m[Kerror: [m[Kâ€˜[01m[Kendl[m[Kâ€™ was not declared in this scope
             cout << "name: " << name << [01;31m[Kendl[m[K << "    x: " << x << endl << "    y: " << y << endl << endl;
                                         [01;31m[K^~~~[m[K
[01m[K/home/me/progetto_labiagi/src/ped/src/utils.h:28:41:[m[K [01;36m[Knote: [m[Ksuggested alternative:
In file included from [01m[K/usr/include/c++/7/istream:39:0[m[K,
                 from [01m[K/usr/include/c++/7/sstream:38[m[K,
                 from [01m[K/home/me/progetto_labiagi/src/ped/src/utils.h:1[m[K,
                 from [01m[K/home/me/progetto_labiagi/src/ped/src/ped_server.cpp:35[m[K:
[01m[K/usr/include/c++/7/ostream:590:5:[m[K [01;36m[Knote: [m[K  â€˜[01m[Kstd::endl[m[Kâ€™
     [01;36m[Kendl[m[K(basic_ostream<_CharT, _Traits>& __os)
     [01;36m[K^~~~[m[K
[01m[K/home/me/progetto_labiagi/src/ped/src/ped_server.cpp:[m[K In function â€˜[01m[Kbool user_f(ped::set_user::Request&, ped::set_user::Response&)[m[Kâ€™:
[01m[K/home/me/progetto_labiagi/src/ped/src/ped_server.cpp:52:16:[m[K [01;31m[Kerror: [m[Kâ€˜[01m[Kclass utente[m[Kâ€™ has no member named â€˜[01m[Kname[m[Kâ€™
         if(tmp.[01;31m[Kname[m[K==req.name){
                [01;31m[K^~~~[m[K
[01m[K/home/me/progetto_labiagi/src/ped/src/ped_server.cpp:59:49:[m[K [01;31m[Kerror: [m[Kno matching function for call to â€˜[01m[Kutente::utente(ped::set_userRequest_<std::allocator<void> >::_name_type&, ped::set_userRequest_<std::allocator<void> >::_x_type&, ped::set_userRequest_<std::allocator<void> >::_y_type&)[m[Kâ€™
         utente tmp = utente(req.name,req.x,req.y[01;31m[K)[m[K;
                                                 [01;31m[K^[m[K
In file included from [01m[K/home/me/progetto_labiagi/src/ped/src/ped_server.cpp:35:0[m[K:
[01m[K/home/me/progetto_labiagi/src/ped/src/utils.h:20:7:[m[K [01;36m[Knote: [m[Kcandidate: utente::utente()
 class [01;36m[Kutente[m[K{
       [01;36m[K^~~~~~[m[K
[01m[K/home/me/progetto_labiagi/src/ped/src/utils.h:20:7:[m[K [01;36m[Knote: [m[K  candidate expects 0 arguments, 3 provided
[01m[K/home/me/progetto_labiagi/src/ped/src/utils.h:20:7:[m[K [01;36m[Knote: [m[Kcandidate: constexpr utente::utente(const utente&)
[01m[K/home/me/progetto_labiagi/src/ped/src/utils.h:20:7:[m[K [01;36m[Knote: [m[K  candidate expects 1 argument, 3 provided
[01m[K/home/me/progetto_labiagi/src/ped/src/utils.h:20:7:[m[K [01;36m[Knote: [m[Kcandidate: constexpr utente::utente(utente&&)
[01m[K/home/me/progetto_labiagi/src/ped/src/utils.h:20:7:[m[K [01;36m[Knote: [m[K  candidate expects 1 argument, 3 provided
make[2]: *** [CMakeFiles/ped_server.dir/src/ped_server.cpp.o] Error 1
make[1]: *** [CMakeFiles/ped_server.dir/all] Error 2
make: *** [all] Error 2
